

Version:	3.12
CmdLine:	C:\Users\RH\Desktop\WORKPLACE\WykonywanieZapytanWebowych\target\app.exe --l4j-debug
WOW64:		yes
Working dir:	C:\Users\RH\Desktop\WORKPLACE\WykonywanieZapytanWebowych\target\.
Java min ver:	1.000.000
Java max ver:	
64-bit search:	SOFTWARE\JavaSoft\Java Runtime Environment...
32-bit search:	SOFTWARE\JavaSoft\Java Runtime Environment...
Check:		SOFTWARE\JavaSoft\Java Runtime Environment\1.8
Check launcher:	C:\Program Files (x86)\Java\jre1.8.0_241\bin\javaw.exe (OK)
Match:		1.008.000
Check:		SOFTWARE\JavaSoft\Java Runtime Environment\1.8.0_241
Check launcher:	C:\Program Files (x86)\Java\jre1.8.0_241\bin\javaw.exe (OK)
Match:		1.008.000_241
64-bit search:	SOFTWARE\JavaSoft\Java Development Kit...
Check:		SOFTWARE\JavaSoft\Java Development Kit\1.8
Ignore:		1.008.000
Check:		SOFTWARE\JavaSoft\Java Development Kit\1.8.0_221
Ignore:		1.008.000_221
32-bit search:	SOFTWARE\JavaSoft\Java Development Kit...
64-bit search:	SOFTWARE\JavaSoft\JRE...
32-bit search:	SOFTWARE\JavaSoft\JRE...
64-bit search:	SOFTWARE\JavaSoft\JDK...
32-bit search:	SOFTWARE\JavaSoft\JDK...
Runtime used:	1.008.000_241 (32-bit)
Launcher:	C:\Program Files (x86)\Java\jre1.8.0_241\bin\javaw.exe
Launcher args:	-jar "C:\Users\RH\Desktop\WORKPLACE\WykonywanieZapytanWebowych\target\app.exe"
Args length:	78/32768 chars
Exit code:	0


Version:	3.12
CmdLine:	C:\Users\RH\Desktop\WORKPLACE\WykonywanieZapytanWebowych\target\app.exe --l4j-debug
WOW64:		yes
Working dir:	C:\Users\RH\Desktop\WORKPLACE\WykonywanieZapytanWebowych\target\.
Java min ver:	1.000.000
Java max ver:	
64-bit search:	SOFTWARE\JavaSoft\Java Runtime Environment...
32-bit search:	SOFTWARE\JavaSoft\Java Runtime Environment...
Check:		SOFTWARE\JavaSoft\Java Runtime Environment\1.8
Check launcher:	C:\Program Files (x86)\Java\jre1.8.0_241\bin\javaw.exe (OK)
Match:		1.008.000
Check:		SOFTWARE\JavaSoft\Java Runtime Environment\1.8.0_241
Check launcher:	C:\Program Files (x86)\Java\jre1.8.0_241\bin\javaw.exe (OK)
Match:		1.008.000_241
64-bit search:	SOFTWARE\JavaSoft\Java Development Kit...
Check:		SOFTWARE\JavaSoft\Java Development Kit\1.8
Ignore:		1.008.000
Check:		SOFTWARE\JavaSoft\Java Development Kit\1.8.0_221
Ignore:		1.008.000_221
32-bit search:	SOFTWARE\JavaSoft\Java Development Kit...
64-bit search:	SOFTWARE\JavaSoft\JRE...
32-bit search:	SOFTWARE\JavaSoft\JRE...
64-bit search:	SOFTWARE\JavaSoft\JDK...
32-bit search:	SOFTWARE\JavaSoft\JDK...
Runtime used:	1.008.000_241 (32-bit)
Launcher:	C:\Program Files (x86)\Java\jre1.8.0_241\bin\javaw.exe
Launcher args:	-jar "C:\Users\RH\Desktop\WORKPLACE\WykonywanieZapytanWebowych\target\app.exe"
Args length:	78/32768 chars
Exit code:	0


Version:	3.12
CmdLine:	C:\Users\RH\Desktop\WORKPLACE\WykonywanieZapytanWebowych\target\app.exe --l4j-debug
WOW64:		yes
Working dir:	C:\Users\RH\Desktop\WORKPLACE\WykonywanieZapytanWebowych\target\.
Java min ver:	1.000.000
Java max ver:	
64-bit search:	SOFTWARE\JavaSoft\Java Runtime Environment...
32-bit search:	SOFTWARE\JavaSoft\Java Runtime Environment...
Check:		SOFTWARE\JavaSoft\Java Runtime Environment\1.8
Check launcher:	C:\Program Files (x86)\Java\jre1.8.0_241\bin\javaw.exe (OK)
Match:		1.008.000
Check:		SOFTWARE\JavaSoft\Java Runtime Environment\1.8.0_241
Check launcher:	C:\Program Files (x86)\Java\jre1.8.0_241\bin\javaw.exe (OK)
Match:		1.008.000_241
64-bit search:	SOFTWARE\JavaSoft\Java Development Kit...
Check:		SOFTWARE\JavaSoft\Java Development Kit\1.8
Ignore:		1.008.000
Check:		SOFTWARE\JavaSoft\Java Development Kit\1.8.0_221
Ignore:		1.008.000_221
32-bit search:	SOFTWARE\JavaSoft\Java Development Kit...
64-bit search:	SOFTWARE\JavaSoft\JRE...
32-bit search:	SOFTWARE\JavaSoft\JRE...
64-bit search:	SOFTWARE\JavaSoft\JDK...
32-bit search:	SOFTWARE\JavaSoft\JDK...
Runtime used:	1.008.000_241 (32-bit)
Launcher:	C:\Program Files (x86)\Java\jre1.8.0_241\bin\javaw.exe
Launcher args:	-jar "C:\Users\RH\Desktop\WORKPLACE\WykonywanieZapytanWebowych\target\app.exe"
Args length:	78/32768 chars
Exit code:	0


Version:	3.12
CmdLine:	C:\Users\RH\Desktop\WORKPLACE\WykonywanieZapytanWebowych\target\app.exe --l4j-debug
WOW64:		yes
Working dir:	C:\Users\RH\Desktop\WORKPLACE\WykonywanieZapytanWebowych\target\.
Java min ver:	1.008.000
Java max ver:	
32-bit search:	SOFTWARE\JavaSoft\Java Runtime Environment...
Check:		SOFTWARE\JavaSoft\Java Runtime Environment\1.8
Check launcher:	C:\Program Files (x86)\Java\jre1.8.0_241\bin\javaw.exe (OK)
Match:		1.008.000
Check:		SOFTWARE\JavaSoft\Java Runtime Environment\1.8.0_241
Check launcher:	C:\Program Files (x86)\Java\jre1.8.0_241\bin\javaw.exe (OK)
Match:		1.008.000_241
32-bit search:	SOFTWARE\JavaSoft\Java Development Kit...
32-bit search:	SOFTWARE\JavaSoft\JRE...
32-bit search:	SOFTWARE\JavaSoft\JDK...
Runtime used:	1.008.000_241 (32-bit)
Main class:	Main
Add classpath:	file:\\\C:\Users\RH\.m2\repository\com\google\code\gson\gson\2.8.6\gson-2.8.6.jar
Launcher:	C:\Program Files (x86)\Java\jre1.8.0_241\bin\javaw.exe
Launcher args:	-classpath "C:\Users\RH\Desktop\WORKPLACE\WykonywanieZapytanWebowych\target\app.exe;file:\\\C:\Users\RH\.m2\repository\com\google\code\gson\gson\2.8.6\gson-2.8.6.jar" Main
Args length:	171/32768 chars
Exit code:	0


Version:	3.12
CmdLine:	C:\Users\RH\Desktop\WORKPLACE\WykonywanieZapytanWebowych\target\app.exe --l4j-debug
WOW64:		yes
Working dir:	C:\Users\RH\Desktop\WORKPLACE\WykonywanieZapytanWebowych\target\.
Java min ver:	1.008.000
Java max ver:	
32-bit search:	SOFTWARE\JavaSoft\Java Development Kit...
64-bit search:	SOFTWARE\JavaSoft\Java Development Kit...
Check:		SOFTWARE\JavaSoft\Java Development Kit\1.8
Check launcher:	C:\Users\RH\Desktop\JAVA\JDK 1.8\bin\javaw.exe (OK)
Match:		1.008.000
Check:		SOFTWARE\JavaSoft\Java Development Kit\1.8.0_221
Check launcher:	C:\Users\RH\Desktop\JAVA\JDK 1.8\bin\javaw.exe (OK)
Match:		1.008.000_221
32-bit search:	SOFTWARE\JavaSoft\Java Runtime Environment...
Check:		SOFTWARE\JavaSoft\Java Runtime Environment\1.8
Ignore:		1.008.000
Check:		SOFTWARE\JavaSoft\Java Runtime Environment\1.8.0_241
Check launcher:	C:\Program Files (x86)\Java\jre1.8.0_241\bin\javaw.exe (OK)
Match:		1.008.000_241
32-bit search:	SOFTWARE\JavaSoft\JDK...
32-bit search:	SOFTWARE\JavaSoft\JRE...
Runtime used:	1.008.000_241 (32-bit)
Main class:	Main
Add classpath:	file:\\\C:\Users\RH\.m2\repository\com\google\code\gson\gson\2.8.6\gson-2.8.6.jar
Launcher:	C:\Program Files (x86)\Java\jre1.8.0_241\bin\javaw.exe
Launcher args:	-classpath "C:\Users\RH\Desktop\WORKPLACE\WykonywanieZapytanWebowych\target\app.exe;file:\\\C:\Users\RH\.m2\repository\com\google\code\gson\gson\2.8.6\gson-2.8.6.jar" Main
Args length:	171/32768 chars
Exit code:	0
